<?xml version="1.0" encoding="UTF-8"?>
<testsuite xmlns:xsi="http://www.w3.org/2001/XMLSchema-instance" xsi:noNamespaceSchemaLocation="https://maven.apache.org/surefire/maven-surefire-plugin/xsd/surefire-test-report-3.0.xsd" version="3.0" name="uk.ac.herts.sp23ahy.mod_6com2013.asgnpart2.controller.WorkerTest" time="0.026" tests="2" errors="0" skipped="0" failures="0">
  <properties>
    <property name="java.specification.version" value="17"/>
    <property name="sun.cpu.isalist" value="amd64"/>
    <property name="sun.jnu.encoding" value="GBK"/>
    <property name="java.class.path" value="C:\KCWorkspace\DepotManagementSystem\target\test-classes;C:\KCWorkspace\DepotManagementSystem\target\classes;C:\Users\zhouxu\.m2\repository\org\junit\jupiter\junit-jupiter-api\5.8.2\junit-jupiter-api-5.8.2.jar;C:\Users\zhouxu\.m2\repository\org\opentest4j\opentest4j\1.2.0\opentest4j-1.2.0.jar;C:\Users\zhouxu\.m2\repository\org\junit\platform\junit-platform-commons\1.8.2\junit-platform-commons-1.8.2.jar;C:\Users\zhouxu\.m2\repository\org\apiguardian\apiguardian-api\1.1.2\apiguardian-api-1.1.2.jar;C:\Users\zhouxu\.m2\repository\org\junit\jupiter\junit-jupiter-engine\5.8.2\junit-jupiter-engine-5.8.2.jar;C:\Users\zhouxu\.m2\repository\org\junit\platform\junit-platform-engine\1.8.2\junit-platform-engine-1.8.2.jar;"/>
    <property name="java.vm.vendor" value="Oracle Corporation"/>
    <property name="sun.arch.data.model" value="64"/>
    <property name="user.variant" value=""/>
    <property name="java.vendor.url" value="https://java.oracle.com/"/>
    <property name="user.timezone" value="Asia/Shanghai"/>
    <property name="os.name" value="Windows 10"/>
    <property name="java.vm.specification.version" value="17"/>
    <property name="sun.java.launcher" value="SUN_STANDARD"/>
    <property name="user.country" value="CN"/>
    <property name="sun.boot.library.path" value="F:\jdk-17.0.7\bin"/>
    <property name="sun.java.command" value="C:\Users\zhouxu\AppData\Local\Temp\surefire2736551138863461290\surefirebooter5105131451908265123.jar C:\Users\zhouxu\AppData\Local\Temp\surefire2736551138863461290 2024-12-28T10-55-42_021-jvmRun1 surefire5375975665955104030tmp surefire_018179153098289216565tmp"/>
    <property name="jdk.debug" value="release"/>
    <property name="surefire.test.class.path" value="C:\KCWorkspace\DepotManagementSystem\target\test-classes;C:\KCWorkspace\DepotManagementSystem\target\classes;C:\Users\zhouxu\.m2\repository\org\junit\jupiter\junit-jupiter-api\5.8.2\junit-jupiter-api-5.8.2.jar;C:\Users\zhouxu\.m2\repository\org\opentest4j\opentest4j\1.2.0\opentest4j-1.2.0.jar;C:\Users\zhouxu\.m2\repository\org\junit\platform\junit-platform-commons\1.8.2\junit-platform-commons-1.8.2.jar;C:\Users\zhouxu\.m2\repository\org\apiguardian\apiguardian-api\1.1.2\apiguardian-api-1.1.2.jar;C:\Users\zhouxu\.m2\repository\org\junit\jupiter\junit-jupiter-engine\5.8.2\junit-jupiter-engine-5.8.2.jar;C:\Users\zhouxu\.m2\repository\org\junit\platform\junit-platform-engine\1.8.2\junit-platform-engine-1.8.2.jar;"/>
    <property name="sun.cpu.endian" value="little"/>
    <property name="user.home" value="C:\Users\zhouxu"/>
    <property name="user.language" value="zh"/>
    <property name="java.specification.vendor" value="Oracle Corporation"/>
    <property name="java.version.date" value="2023-04-18"/>
    <property name="java.home" value="F:\jdk-17.0.7"/>
    <property name="file.separator" value="\"/>
    <property name="basedir" value="C:\KCWorkspace\DepotManagementSystem"/>
    <property name="java.vm.compressedOopsMode" value="Zero based"/>
    <property name="line.separator" value="&#10;"/>
    <property name="java.vm.specification.vendor" value="Oracle Corporation"/>
    <property name="java.specification.name" value="Java Platform API Specification"/>
    <property name="surefire.real.class.path" value="C:\Users\zhouxu\AppData\Local\Temp\surefire2736551138863461290\surefirebooter5105131451908265123.jar"/>
    <property name="user.script" value=""/>
    <property name="sun.management.compiler" value="HotSpot 64-Bit Tiered Compilers"/>
    <property name="java.runtime.version" value="17.0.7+8-LTS-224"/>
    <property name="user.name" value="zhouxu"/>
    <property name="path.separator" value=";"/>
    <property name="os.version" value="10.0"/>
    <property name="java.runtime.name" value="Java(TM) SE Runtime Environment"/>
    <property name="file.encoding" value="GBK"/>
    <property name="java.vm.name" value="Java HotSpot(TM) 64-Bit Server VM"/>
    <property name="localRepository" value="C:\Users\zhouxu\.m2\repository"/>
    <property name="java.vendor.url.bug" value="https://bugreport.java.com/bugreport/"/>
    <property name="java.io.tmpdir" value="C:\Users\zhouxu\AppData\Local\Temp\"/>
    <property name="java.version" value="17.0.7"/>
    <property name="user.dir" value="C:\KCWorkspace\DepotManagementSystem"/>
    <property name="os.arch" value="amd64"/>
    <property name="java.vm.specification.name" value="Java Virtual Machine Specification"/>
    <property name="sun.os.patch.level" value=""/>
    <property name="native.encoding" value="GBK"/>
    <property name="java.library.path" value="F:\jdk-17.0.7\bin;C:\Windows\Sun\Java\bin;C:\Windows\system32;C:\Windows;C:\Program Files\Microsoft MPI\Bin\;C:\Program Files\Common Files\Oracle\Java\javapath;c:\Users\zhouxu\AppData\Local\Programs\cursor\resources\app\bin;C:\Windows\system32;C:\Windows;C:\Windows\System32\Wbem;C:\Windows\System32\WindowsPowerShell\v1.0\;C:\Windows\System32\OpenSSH\;C:\Program Files\Git\cmd;F:\kubectl\kubectl.exe;C:\ProgramData\chocolatey\bin;C:\Program Files\Docker\Docker\resources\bin;F:\Program Files\Redis\;F:\mingw64\bin;C:\Users\zhouxu\AppData\Roaming\nvm;C:\Program Files\nodejs;F:\Program Files (x86)\Tencent\微信web开发者工具\dll;F:\jdk-17.0.7\bin;C:\apache-maven-3.9.6\bin;C:\Users\zhouxu\AppData\Local\Programs\Python\Launcher\;C:\Users\zhouxu\AppData\Local\Microsoft\WindowsApps;F:\IntelliJ IDEA 2024.1\bin;C:\Program Files\JetBrains\PyCharm 2024.2.3\bin;C:\Users\zhouxu\AppData\Roaming\nvm;C:\Program Files\nodejs;C:\Users\zhouxu\AppData\Roaming\npm;c:\Users\zhouxu\AppData\Local\Programs\cursor\resources\app\bin;F:\ffmpeg\bin;C:\Program Files\Microsoft MPI\Bin;C:\Program Files\CMake\bin;C:\mingw64\bin;C:\Program Files\dotnet\;C:\Program Files (x86)\Windows Kits\10\Windows Performance Toolkit\;C:\intelFPGA_lite\20.1\modelsim_ase\win32aloem;C:\Users\zhouxu\AppData\Local\Programs\Python\Python39\Scripts\;C:\Users\zhouxu\AppData\Local\Programs\Python\Python39\;F:\Programs\Python\Python39\Scripts\;F:\Programs\Python\Python39\;F:\Python\Python313\Scripts\;F:\Python\Python313\;F:\tools\Python37\Scripts\;F:\tools\Python37\;C:\Users\zhouxu\AppData\Local\Microsoft\WindowsApps;F:\IntelliJ IDEA 2024.1\bin;;C:\Program Files\JetBrains\PyCharm 2024.2.3\bin;;%PyCharm Community Edition%;f:\Programs\Microsoft VS Code\bin;C:\Users\zhouxu\AppData\Roaming\nvm;C:\Program Files\nodejs;C:\Users\zhouxu\AppData\Roaming\npm;C:\Users\zhouxu\.dotnet\tools;C:\intelFPGA\20.1\modelsim_ase\win32aloem;C:\intelFPGA\23.1std\questa_fse\win64;C:\intelFPGA_lite\23.1std\questa_fse\win64;C:\altera\14.0\modelsim_ase\win32aloem;."/>
    <property name="java.vm.info" value="mixed mode, sharing"/>
    <property name="java.vendor" value="Oracle Corporation"/>
    <property name="java.vm.version" value="17.0.7+8-LTS-224"/>
    <property name="sun.io.unicode.encoding" value="UnicodeLittle"/>
    <property name="java.class.version" value="61.0"/>
  </properties>
  <testcase name="testCustomerProcessing" classname="uk.ac.herts.sp23ahy.mod_6com2013.asgnpart2.controller.WorkerTest" time="0.018"/>
  <testcase name="testFeeCalculation" classname="uk.ac.herts.sp23ahy.mod_6com2013.asgnpart2.controller.WorkerTest" time="0"/>
</testsuite>